
=== Mon Oct  1 13:03:32 2018

Packages were changed.
Update Mode: updateDependencies

The following packages were added:
  com.unity.collab-proxy@1.2.9
The following packages were updated:
  com.unity.analytics from version 2.0.16 to 3.0.9
  com.unity.package-manager-ui from version 2.0.0-preview.6 to 2.0.0-preview.7
  com.unity.textmeshpro from version 1.2.1 to 1.3.0

=== Tue Oct 30 16:11:01 2018

Packages were changed.
Update Mode: updateDependencies

The following packages were updated:
  com.unity.collab-proxy from version 1.2.9 to 1.2.11
  com.unity.package-manager-ui from version 2.0.0-preview.7 to 2.0.2

=== Sat Nov 17 13:03:42 2018

Packages were changed.
Update Mode: updateDependencies

The following packages were added:
  com.unity.xr.legacyinputhelpers@1.0.0
The following packages were updated:
  com.unity.package-manager-ui from version 2.0.2 to 2.1.0-preview.1

=== Wed Jan 16 12:33:18 2019

Packages were changed.
Update Mode: updateDependencies

The following packages were added:
  com.unity.timeline@1.0.0
The following packages were updated:
  com.unity.analytics from version 3.0.9 to 3.2.2
  com.unity.collab-proxy from version 1.2.11 to 1.2.15
  com.unity.package-manager-ui from version 2.0.3 to 2.1.1

=== Thu Mar  7 20:06:01 2019

Packages were changed.
Update Mode: updateDependencies

The following packages were updated:
  com.unity.collab-proxy from version 1.2.15 to 1.2.16
  com.unity.package-manager-ui from version 2.1.1 to 2.1.2
  com.unity.purchasing from version 2.0.1 to 2.0.5

=== Sun Mar 17 14:13:02 2019

Packages were changed.
Update Mode: updateDependencies

The following packages were updated:
  com.unity.package-manager-ui from version 2.1.2 to 2.2.0
  com.unity.purchasing from version 2.0.5 to 2.0.6

=== Sat May 11 10:11:01 2019

Packages were changed.
Update Mode: updateDependencies

The following packages were added:
  com.unity.ide.vscode@1.0.4
  com.unity.ide.visualstudio@1.0.5
  com.unity.ide.rider@1.0.4
The following packages were updated:
  com.unity.analytics from version 3.2.2 to 3.3.2
  com.unity.xr.legacyinputhelpers from version 1.0.0 to 2.0.2

=== Sun May 26 11:05:50 2019

Packages were changed.
Update Mode: updateDependencies

The following packages were updated:
  com.unity.timeline from version 1.0.0 to 1.1.0
  com.unity.ugui from version 0.1.3 to 1.0.0

=== Thu Jun  6 17:30:45 2019

Packages were changed.
Update Mode: updateDependencies

The following packages were updated:
  com.unity.ide.rider from version 1.0.6 to 1.0.8
  com.unity.ide.visualstudio from version 1.0.5 to 1.0.10
  com.unity.ide.vscode from version 1.0.4 to 1.0.7

=== Fri Jun 28 14:16:01 2019

Packages were changed.
Update Mode: updateDependencies

The following packages were updated:
  com.unity.ide.visualstudio from version 1.0.10 to 1.0.11
  com.unity.xr.legacyinputhelpers from version 2.0.2 to 2.0.4
The following packages were removed:
  com.unity.package-manager-ui@2.2.0

=== Thu Jul  4 09:04:30 2019

Packages were changed.
Update Mode: updateDependencies

The following packages were updated:
  com.unity.addressables from version 1.0.2-preview.2 to 1.1.4-preview

=== Mon Aug 19 17:06:01 2019

Packages were changed.
Update Mode: updateDependencies

The following packages were updated:
  com.unity.ide.rider from version 1.0.8 to 1.1.0
  com.unity.xr.legacyinputhelpers from version 2.0.4 to 2.0.6

=== Sat Sep  7 18:51:14 2019

Packages were changed.
Update Mode: updateDependencies

The following packages were updated:
  com.unity.timeline from version 1.1.0 to 1.2.1

=== Thu Nov  7 10:12:50 2019

Packages were changed.
Update Mode: updateDependencies

The following packages were updated:
  com.unity.addressables from version 1.1.7 to 1.2.4
  com.unity.ide.vscode from version 1.0.7 to 1.1.2
  com.unity.quicksearch from version 1.1.0-preview.1 to 1.4.1
  com.unity.render-pipelines.lightweight from version 7.0.0 to 7.0.1
  com.unity.timeline from version 1.2.1 to 1.3.0-preview.2

=== Tue Dec 17 21:47:46 2019

Packages were changed.
Update Mode: updateDependencies

The following packages were updated:
  com.unity.addressables from version 1.2.4 to 1.4.0
  com.unity.ide.rider from version 1.1.0 to 1.1.4
  com.unity.ide.visualstudio from version 1.0.11 to 2.0.0
  com.unity.ide.vscode from version 1.1.2 to 1.1.3
  com.unity.inputsystem from version 0.9.0-preview to 1.0.0-preview.3
  com.unity.textmeshpro from version 2.0.1 to 3.0.0-preview.1

=== Tue Dec 24 16:09:38 2019

Packages were changed.
Update Mode: updateDependencies

The following packages were updated:
  com.unity.collab-proxy from version 1.2.16 to 1.3.2

=== Tue Dec 31 20:46:12 2019

Packages were changed.
Update Mode: updateDependencies

The following packages were added:
  com.unity.ide.visualstudio@2.0.0

=== Fri Jan 17 20:06:25 2020

Packages were changed.
Update Mode: updateDependencies

The following packages were updated:
  com.unity.ide.rider from version 1.1.4 to 1.2.1

=== Thu Feb 13 20:10:38 2020

Packages were changed.
Update Mode: updateDependencies

The following packages were updated:
  com.unity.quicksearch from version 1.4.1 to 1.5.1

=== Mon Mar 16 16:15:57 2020

Packages were changed.
Update Mode: updateDependencies

The following packages were updated:
  com.unity.2d.spriteshape from version 4.0.1 to 4.0.2
  com.unity.quicksearch from version 1.5.1 to 1.5.2
  com.unity.render-pipelines.universal from version 7.2.0 to 8.0.1

=== Fri Apr 24 10:30:27 2020

Packages were changed.
Update Mode: updateDependencies

The following packages were updated:
  com.unity.addressables from version 1.5.1 to 1.7.5
  com.unity.ide.rider from version 1.2.1 to 2.0.2
  com.unity.ide.visualstudio from version 2.0.0 to 2.0.1
  com.unity.ide.vscode from version 1.1.4 to 1.2.0
  com.unity.quicksearch from version 1.5.2 to 1.5.3

=== Fri Apr 24 10:32:51 2020

Packages were changed.
Update Mode: updateDependencies

The following packages were updated:
  com.unity.addressables from version 1.5.0 to 1.7.5
  com.unity.ide.rider from version 1.1.4 to 2.0.2

=== Mon Jun  8 22:28:09 2020

Packages were changed.
Update Mode: updateDependencies

The following packages were updated:
  com.unity.addressables from version 1.7.5 to 1.8.3
  com.unity.ide.rider from version 2.0.2 to 2.0.3
  com.unity.inputsystem from version 1.0.0-preview.3 to 1.0.0
  com.unity.nuget.newtonsoft-json from version 1.1.2 to 2.0.0
  com.unity.render-pipelines.universal from version 7.1.7 to 8.1.0

=== Fri Aug 21 10:53:03 2020

Packages were changed.
Update Mode: updateDependencies

The following packages were updated:
  com.unity.textmeshpro from version 3.0.0 to 3.0.1

=== Wed Sep 30 13:37:22 2020

Packages were changed.
Update Mode: updateDependencies

The following packages were updated:
  com.unity.2d.pixel-perfect from version 4.0.0 to 4.0.1
  com.unity.2d.spriteshape from version 5.0.0 to 5.0.1
  com.unity.addressables from version 1.13.1 to 1.14.2
  com.unity.ide.rider from version 2.0.5 to 2.0.7

=== Sun Oct 25 22:17:17 2020

Packages were changed.
Update Mode: updateDependencies

The following packages were updated:
  com.unity.2d.spriteshape from version 5.0.1 to 5.0.2
  com.unity.addressables from version 1.14.2 to 1.16.6
  com.unity.ide.visualstudio from version 2.0.2 to 2.0.3
  com.unity.ide.vscode from version 1.2.1 to 1.2.2
  com.unity.timeline from version 1.3.0-preview.2 to 1.4.3
The following packages were removed:
  com.unity.quicksearch@2.1.0-preview.4

=== Sun Jan 17 11:19:57 2021

Packages were changed.
Update Mode: updateDependencies

The following packages were updated:
  com.unity.2d.spriteshape from version 5.0.2 to 5.1.0
  com.unity.addressables from version 1.16.6 to 1.16.15
  com.unity.burst from version 1.4.0-preview.3 to 1.4.1
  com.unity.ext.nunit from version 1.0.0 to 1.0.5
  com.unity.ide.rider from version 2.0.7 to 3.0.3
  com.unity.ide.visualstudio from version 2.0.3 to 2.0.5
  com.unity.ide.vscode from version 1.2.2 to 1.2.3
  com.unity.inputsystem from version 1.0.0 to 1.0.1
  com.unity.render-pipelines.universal from version 10.1.0 to 11.0.0
  com.unity.textmeshpro from version 3.0.1 to 3.0.3
  com.unity.timeline from version 1.4.3 to 1.5.1-pre.3

=== Tue Feb 16 14:57:55 2021

Packages were changed.
Update Mode: updateDependencies

The following packages were updated:
  com.unity.ext.nunit from version 1.0.5 to 1.0.6
  com.unity.inputsystem from version 1.0.1 to 1.0.2

=== Sat Feb 20 11:55:02 2021

Packages were changed.
Update Mode: updateDependencies

The following packages were updated:
  com.unity.render-pipelines.universal from version 11.0.0 to 12.0.0
  com.unity.timeline from version 1.5.1-pre.3 to 1.6.0-pre.1

=== Fri Mar 26 21:46:09 2021

Packages were changed.
Update Mode: updateDependencies

The following packages were updated:
  com.unity.burst from version 1.5.0-pre.4 to 1.5.0
  com.unity.ide.rider from version 3.0.3 to 3.0.5
  com.unity.ide.visualstudio from version 2.0.5 to 2.0.7
  com.unity.textmeshpro from version 3.0.3 to 3.0.4

=== Thu Jun  3 12:15:39 2021

Packages were changed.
Update Mode: updateDependencies

The following packages were added:
  com.unity.modules.nvidia@1.0.0
The following packages were updated:
  com.unity.2d.pixel-perfect from version 4.0.1 to 5.0.0
  com.unity.2d.spriteshape from version 6.0.0-pre.2 to 6.0.0
  com.unity.burst from version 1.5.0 to 1.6.0-pre.2
  com.unity.ide.rider from version 3.0.5 to 3.0.6
  com.unity.timeline from version 1.6.0-pre.1 to 1.6.0-pre.3

=== Sat Aug  7 11:30:16 2021

Packages were changed.
Update Mode: updateDependencies

The following packages were updated:
  com.unity.2d.spriteshape from version 6.0.0 to 7.0.0-pre.3
  com.unity.ide.rider from version 3.0.6 to 3.0.7
  com.unity.ide.visualstudio from version 2.0.7 to 2.0.9
  com.unity.profiling.core from version 0.2.1-preview.1 to 1.0.0-pre.1
  com.unity.textmeshpro from version 3.0.4 to 3.0.6
  com.unity.timeline from version 1.6.0-pre.3 to 1.6.1
